{"level":"error"}
{"level":"error"}
{"level":"error"}
{"level":"error"}
{"level":"error"}
{"level":"error"}
{"level":"error"}
{"level":"error"}
{"level":"error","message":"/api/productos/:category -  GET  - error al mostrar catálogo por categoría"}
{"level":"error","message":"/api/productos/:category -  GET  - error al mostrar catálogo por categoría"}
{"level":"error","message":"/api/productos/:category -  GET  - error al mostrar catálogo por categoría"}
{"level":"error","message":"/api/productos/:category -  GET  - error al mostrar catálogo por categoría"}
{"level":"error","message":"/api/productos/:category -  GET  - error al mostrar catálogo por categoría"}
{"level":"error","message":"/api/productos/:category -  GET  - error al mostrar catálogo por categoría"}
{"level":"error","message":"/api/productos/:category -  GET  - error al mostrar catálogo por categoría"}
{"level":"error","message":"/api/productos/:category -  GET  - error al mostrar catálogo por categoría"}
{"level":"error","message":"no se puedo acceder a lista de productos o no existe el carrito en el user"}
{"level":"error","message":"no se puedo acceder a lista de productos o no existe el carrito en el user"}
{"level":"error","message":"no se puedo acceder a lista de productos o no existe el carrito en el user"}
{"level":"error","message":"no se puedo acceder a lista de productos o no existe el carrito en el user"}
{"level":"error","message":"no se puedo acceder a lista de productos o no existe el carrito en el user"}
{"level":"error","message":"no se pudo acceder a productos"}
{"level":"error","message":"no se pudo acceder a productos"}
{"level":"error","message":"no se pudo acceder a productos"}
{"level":"error"}
{"level":"error","message":"no se pudo acceder a productos"}
{"level":"error","message":"no se pudo acceder a productos"}
{"level":"error"}
{"level":"error","message":"no se pudo acceder a productos"}
{"level":"error"}
{"level":"error","message":"no se pudo acceder a productos"}
{"level":"error"}
{"level":"error","message":"no se pudo acceder a productos"}
{"level":"error","message":"no se pudo acceder a productos"}
{"level":"error"}
{"level":"error","message":"no se pudo acceder a productos"}
{"level":"error"}
{"level":"error","message":"no se pudo acceder a productos"}
{"level":"error"}
{"level":"error","message":"no se pudo acceder a productos"}
{"level":"error"}
{"level":"error"}
{"level":"error"}
{"level":"error"}
{"level":"error"}
{"level":"error","message":"no se pudo acceder a productos"}
{"level":"error"}
{"level":"error","message":"no se pudo acceder a productos"}
{"level":"error"}
{"level":"error","message":"no se pudo acceder a productos"}
{"level":"error"}
{"level":"error","message":"No se encontró qué borrar"}
{"level":"error","message":"No se encontró qué borrar"}
{"level":"error"}
{"level":"error"}
{"level":"error"}
{"level":"error"}
{"level":"error"}
{"level":"error","message":"no se puedo acceder a lista de productos o no existe el carrito en el user"}
{"level":"error","message":"no se puedo acceder a lista de productos o no existe el carrito en el user"}
{"level":"error"}
{"level":"error","message":"error getAllProducts"}
{"level":"error"}
{"level":"error","message":"no se pudo obtener"}
{"level":"error"}
{"level":"error","message":"no se pudo obtener"}
{"level":"error","message":"no se pudo guardar"}
{"level":"error","message":"no se pudo obtener"}
{"level":"error"}
{"level":"error","message":"no se pudo obtener"}
{"level":"error","message":"no se pudo guardar"}
{"level":"error","message":"no se pudo obtener"}
{"level":"error"}
{"level":"error","message":"no se pudo obtener"}
{"level":"error"}
{"level":"error","message":"no se pudo obtener"}
{"level":"error","message":"no se pudo guardar"}
{"level":"error","message":"no se pudo obtener"}
{"level":"error"}
{"level":"error","message":"no se pudo obtener"}
{"level":"error"}
{"level":"error","message":"no se pudo obtener"}
{"level":"error","message":"no se pudo guardar"}
{"level":"error","message":"no se pudo obtener"}
{"level":"error"}
{"level":"error","message":"error getAllProducts"}
{"level":"error"}
{"level":"error","message":"no se pudo obtener"}
{"level":"error"}
{"level":"error","message":"no se pudo obtener"}
{"level":"error","message":"no se pudo guardar"}
{"level":"error","message":"no se pudo obtener"}
{"level":"error"}
{"level":"error","message":"no se pudo obtener"}
{"level":"error"}
{"level":"error","message":"no se pudo obtener"}
{"level":"error"}
{"level":"error","message":"no se pudo obtener"}
{"level":"error"}
{"level":"error","message":"no se pudo obtener"}
{"level":"error"}
{"level":"error","message":"no se pudo obtener"}
{"level":"error"}
{"level":"error","message":"no se pudo obtener"}
{"level":"error"}
{"level":"error","message":"no se pudo obtener"}
{"level":"error"}
{"level":"error","message":"no se pudo obtener"}
{"level":"error"}
{"level":"error","message":"no se pudo obtener"}
{"level":"error"}
{"level":"error","message":"no se pudo obtener"}
{"level":"error"}
{"level":"error","message":"no se pudo obtener"}
{"level":"error"}
{"level":"error","message":"no se pudo obtener"}
{"level":"error"}
{"level":"error","message":"no se pudo obtener"}
{"level":"error"}
{"level":"error","message":"no se pudo obtener"}
{"level":"error"}
{"level":"error","message":"no se pudo obtener"}
{"level":"error"}
{"level":"error","message":"no se pudo obtener"}
{"level":"error"}
{"level":"error","message":"no se pudo obtener"}
{"level":"error","message":"error getAllProducts"}
{"level":"error"}
{"level":"error","message":"no se pudo obtener"}
{"level":"error"}
{"level":"error","message":"no se pudo guardar"}
{"level":"error","message":"no se pudo obtener"}
{"level":"error"}
{"level":"error","message":"No se encontró qué borrar"}
{"level":"error","message":"No se encontró qué borrar"}
{"level":"error","message":"no encontrado"}
{"level":"error","message":"no encontrado"}
{"level":"error","message":"no encontrado"}
{"level":"error","message":"no encontrado"}
{"level":"error","message":"no encontrado"}
{"level":"error","message":"no encontrado"}
{"level":"error","message":"no existe"}
{"level":"error","message":"no existe"}
{"level":"error","message":"no existe con ese id"}
{"level":"error","message":"no existe con ese id"}
{"level":"error","message":"no existe con ese id"}
{"level":"error","message":"no existe con ese id"}
{"level":"error","message":"no existe con ese id"}
{"level":"error","message":"no existe con ese id"}
{"level":"error","message":"no existe con ese id"}
{"level":"error","message":"no existe con ese id"}
{"level":"error","message":"no existe con ese id"}
{"level":"error","message":"no existe con ese id"}
{"level":"error","message":"no se pudo obtener"}
{"level":"error","message":"no se pudo guardar"}
{"level":"error","message":"no se pudo obtener"}
{"level":"error","message":"no se pudo guardar"}
{"level":"error","message":"no se pudo obtener"}
{"level":"error","message":"no se pudo guardar"}
{"level":"error","message":"no se puedo acceder a lista de productos o no existe el carrito en el user"}
{"level":"error","message":"no se puedo acceder a lista de productos o no existe el carrito en el user"}
{"level":"error","message":"no se puedo acceder a lista de productos o no existe el carrito en el user"}
{"level":"error"}
{"level":"error"}
{"level":"error","message":"no encontrado"}
{"level":"error","message":"no se puedo acceder a lista de productos"}
{"level":"error","message":"no encontrado"}
{"level":"error","message":"no se puedo acceder a lista de productos"}
{"level":"error","message":"no encontrado"}
{"level":"error","message":"no se puedo acceder a lista de productos"}
{"level":"error","message":"no encontrado"}
{"level":"error","message":"no encontrado"}
{"level":"error","message":"no se puedo acceder a lista de productos"}
{"level":"error","message":"no encontrado"}
{"level":"error","message":"no encontrado"}
{"level":"error","message":"no se puedo acceder a lista de productos"}
{"level":"error","message":"no encontrado"}
{"level":"error","message":"no se puedo acceder a lista de productos"}
{"level":"error","message":"no encontrado"}
{"level":"error","message":"no encontrado"}
{"level":"error","message":"no encontrado"}
{"level":"error","message":"no encontrado"}
{"level":"error","message":"no encontrado"}
{"level":"error","message":"no se puedo acceder a lista de productos"}
{"level":"error","message":"no encontrado"}
{"level":"error","message":"no se puedo acceder a lista de productos"}
{"level":"error","message":"no encontrado"}
{"level":"error","message":"no se puedo acceder a lista de productos"}
{"level":"error"}
{"level":"error"}
{"level":"error","message":"no se puedo acceder a lista de productos o no existe el carrito en el user"}
{"level":"error","message":"no se puedo acceder a lista de productos o no existe el carrito en el user"}
{"level":"error","message":"no encontrado"}
{"level":"error","message":"no se puedo acceder a lista de productos"}
{"level":"error","message":"Singleton classes can't be instantiated more than once."}
